android/build/intermediates/manifest_merge_blame_file/debug/manifest-merger-blame-debug-report.txt
1<?xml version="1.0" encoding="utf-8"?>
2<manifest xmlns:android="http://schemas.android.com/apk/res/android"
3    package="br.com.dopaminamob.gpsstate" >
4
5    <uses-sdk
6        android:minSdkVersion="16"
6-->src\main\AndroidManifest.xml
7        android:targetSdkVersion="33" />
7-->src\main\AndroidManifest.xml
8
9    <uses-permission android:name="android.permission.ACCESS_FINE_LOCATION" />
9-->src\main\AndroidManifest.xml:5:2-76
9-->src\main\AndroidManifest.xml:5:19-73
10    <uses-permission android:name="android.permission.ACCESS_COARSE_LOCATION" />
10-->src\main\AndroidManifest.xml:6:2-78
10-->src\main\AndroidManifest.xml:6:19-75
11
12    <application
12-->src\main\AndroidManifest.xml:7:2-12:16
13        android:allowBackup="true"
13-->src\main\AndroidManifest.xml:7:15-41
14        android:label="@string/app_name"
14-->src\main\AndroidManifest.xml:8:15-47
15        android:supportsRtl="true" >
15-->src\main\AndroidManifest.xml:9:15-41
16    </application>
17
18</manifest>